0:100  0:100  MemLog inited, TSC freq: 2401716460
0:100  0:000  CPU was calibrated without ACPI PM Timer: ACPI I/O space is not enabled., use RTC
0:100  0:000  
0:100  0:000  Now is 9.5.2017,  20:14:21 (GMT)
0:100  0:000  Starting Clover revision: 4061 on INSYDE Corp. EFI
0:100  0:000  Build with: [Args: -D NO_GRUB_DRIVERS_EMBEDDED | -D NO_GRUB_DRIVERS_EMBEDDED -D USE_LOW_EBDA -a X64 -b RELEASE -t XCODE5 -n 5 | OS: 10.12.4 | XCODE: 8.2.1]
0:100  0:000  SelfDevicePath=PciRoot(0x0)\Pci(0x17,0x0)\Sata(0x0,0x0,0x0)\HD(1,GPT,38D35DA5-2857-4E40-919D-D48E4446041A,0x28,0x64000) @7B8EAB98
0:100  0:000  SelfDirPath = \EFI\BOOT
0:100  0:000  === [ Get Smbios ] ========================================
0:100  0:000  Type 16 Index = 0
0:100  0:000  Total Memory Slots Count = 2
0:100  0:000  Type 17 Index = 0
0:100  0:000  Ignoring insane frequency value 0MHz
0:100  0:000  SmbiosTable.Type17->Speed = 0MHz
0:100  0:000  SmbiosTable.Type17->Size = 0MB
0:100  0:000  SmbiosTable.Type17->Bank/Device = BANK 0 ChannelA-DIMM0
0:100  0:000  SmbiosTable.Type17->Vendor = <null string>
0:100  0:000  SmbiosTable.Type17->SerialNumber = <null string>
0:100  0:000  SmbiosTable.Type17->PartNumber = <null string>
0:100  0:000  Type 17 Index = 1
0:100  0:000  Ignoring insane frequency value 0MHz
0:100  0:000  SmbiosTable.Type17->Speed = 0MHz
0:100  0:000  SmbiosTable.Type17->Size = 0MB
0:100  0:000  SmbiosTable.Type17->Bank/Device = BANK 1 ChannelA-DIMM1
0:100  0:000  SmbiosTable.Type17->Vendor = <null string>
0:100  0:000  SmbiosTable.Type17->SerialNumber = <null string>
0:100  0:000  SmbiosTable.Type17->PartNumber = <null string>
0:100  0:000  Boot status=0
0:100  0:000  Running on: '80QH' with board 'VIUU4'
0:100  0:000  === [ GetCPUProperties ] ==================================
0:100  0:000  CPU Vendor = 756E6547 Model=406E3
0:100  0:000   The CPU supported SSE4.1
0:100  0:000  The CPU supported turbo
0:100  0:000  BrandString = Intel(R) Core(TM) i5-6200U CPU @ 2.30GHz
0:100  0:000   TSC/CCC Information Leaf:
0:100  0:000    numerator     : 200
0:100  0:000    denominator   : 2
0:100  0:000   Calibrated ARTFrequency: 24017164
0:100  0:000  MSR 0xE2 before patch 1E008006
0:100  0:000  MSR 0xE2 is locked, PM patches will be turned on
0:100  0:000  MSR 0xCE              0004043D_F1011800
0:100  0:000  MSR 0x1A0             00850089
0:100  0:000  corrected FLEX_RATIO = 0
0:100  0:000  FSBFrequency = 91 MHz, DMI FSBFrequency = 100 MHz, Corrected FSBFrequency = 100 MHz
0:100  0:000  MaxDiv/MinDiv: 24.0/4
0:100  0:000  Turbo: 27/27/27/28
0:100  0:000  Features: 0xBFEBFBFF
0:100  0:000  Threads: 4
0:100  0:000  Cores: 2
0:100  0:000  FSB: 25 MHz
0:100  0:000  CPU: 2200 MHz
0:100  0:000  TSC: 2200 MHz
0:100  0:000  PIS: 100 MHz
0:100  0:000  === [ GetDevices ] ========================================
0:100  0:000  PCI (00|00:00.00) : 8086 1904 class=060000
0:100  0:000  PCI (00|00:02.00) : 8086 1916 class=030000
0:100  0:000   - GFX: Model=Intel HD Graphics 520 (Intel)
0:100  0:000  PCI (00|00:14.00) : 8086 9D2F class=0C0330
0:100  0:000  PCI (00|00:14.02) : 8086 9D31 class=118000
0:100  0:000  PCI (00|00:16.00) : 8086 9D3A class=078000
0:100  0:000  PCI (00|00:17.00) : 8086 9D03 class=010601
0:100  0:000  PCI (00|00:1C.00) : 8086 9D14 class=060400
0:100  0:000  PCI (00|01:00.00) : 10EC 8168 class=020000
0:100  0:000   - LAN: 0 Vendor=Realtek
0:100  0:000  PCI (00|00:1C.05) : 8086 9D15 class=060400
0:100  0:000  PCI (00|02:00.00) : 168C 0042 class=028000
0:100  0:000   - WIFI: Vendor=Atheros
0:100  0:000  PCI (00|00:1F.00) : 8086 9D48 class=060100
0:100  0:000  PCI (00|00:1F.02) : 8086 9D21 class=058000
0:100  0:000  PCI (00|00:1F.03) : 8086 9D70 class=040300
0:101  0:000  PCI (00|00:1F.04) : 8086 9D23 class=0C0500
0:101  0:000  === [ GetDefaultSettings ] ================================
0:101  0:000  Clover load options size = 0 bytes
0:108  0:007  EFI\CLOVER\config.plist loaded: Success
0:108  0:000  === [ GetListOfThemes ] ===================================
0:123  0:014  - [00]: Mavs Style
0:130  0:007  === [ Found config plists ] ===============================
0:130  0:000  - config.plist
0:130  0:000  === [ GetEarlyUserSettings ] ==============================
0:130  0:000  timeout set to 5
0:130  0:000  Custom boot CUSTOM_BOOT_DISABLED (0x0)
0:130  0:000  ForceKextsToLoad: 1 requested
0:130  0:000   - [0]: System\Library\Extensions\AppleIntelSKLGraphicsFramebuffer.kext
0:130  0:000  KextsToPatch: 7 requested
0:130  0:000   - [00]: AirPortBrcm4360 (AirPortBrcm4360 whitelist patch (board-id), credit RehabMan) :: BinPatch :: data len: 8
0:130  0:000   - [01]: AppleAPIC (APIC #2: patch by Piker Alpha) :: MatchOS: 10.11.4 :: BinPatch :: data len: 6
0:130  0:000   - [02]: AppleAPIC (APIC #1: patch by Piker Alpha) :: MatchOS: 10.11.1,10.11.2,10.11.3 :: BinPatch :: data len: 6
0:130  0:000   - [03]: IOGraphicsFamily (Intel HD  patch boot logo ) :: BinPatch :: data len: 5
0:130  0:000   - [04]: com.apple.driver.AppleIntelSKLGraphicsFramebuffer (Disable minStolenSize less or equal fStolenMemorySize assertion, 10.12.0 ( (based on Austere.J patch)) :: MatchOS: 10.12.x :: BinPatch :: data len: 7
0:130  0:000   - [05]: com.apple.iokit.IOGraphicsFamily (Boot graphics glitch, 10.12.dp1 (credit denskop)) :: MatchOS: 10.12.x :: BinPatch :: data len: 5
0:130  0:000   - [06]: com.apple.iokit.IOGraphicsFamily (Boot graphics glitch, 10.10.x/10.11.x (credit lisai9093, cecekpawon)) :: MatchOS: 10.10.x,10.11.x :: BinPatch :: data len: 5
0:130  0:000  Default theme: Mavs Style
0:130  0:000  === [ LoadDrivers ] =======================================
0:130  0:000  Loading FSInject-64.efi  status=Success
0:132  0:001  Loading HFSPlus-64.efi  status=Success
0:134  0:001   - driver needs connecting
0:134  0:000  Loading NTFS-64.efi  status=Success
0:138  0:004   - driver needs connecting
0:138  0:000  Loading OsxAptioFixDrv-64.efi  status=Success
0:140  0:001  Loading OsxFatBinaryDrv-64.efi  status=Success
0:141  0:001  Loading SMCHelper-64.efi  status=Success
0:143  0:001  2 drivers needs connecting ...
0:143  0:000  PlatformDriverOverrideProtocol not found. Installing ... Success
0:143  0:000  HFS+ driver loaded
0:143  0:000  Searching for invalid DiskIo BY_DRIVER connects: not found, all ok
1:127  0:984  === [ InitScreen ] ========================================
1:127  0:000  SetScreenResolution: 1600x900 - already set
1:127  0:000  Console modes reported: 6, available modes:
1:127  0:000   - [01]: 80x25
1:127  0:000   - [03]: 80x25
1:127  0:000   - [04]: 200x47 (current mode)
1:127  0:000   - [05]: 100x31
1:127  0:000   - [06]: 128x40
1:127  0:000  SetScreenResolution: 1600x900 - already set
1:128  0:000  reinit: self device path=PciRoot(0x0)\Pci(0x17,0x0)\Sata(0x0,0x0,0x0)\HD(1,GPT,38D35DA5-2857-4E40-919D-D48E4446041A,0x28,0x64000)
1:128  0:000  === [ GetMacAddress ] =====================================
1:128  0:000  === [ ScanSPD ] ===========================================
1:128  0:000  SMBus device : 8086 9D23 class=0C0500 status=Success
1:128  0:000  SMBus CmdReg: 0x3
1:128  0:000  Scanning SMBus [8086:9D23], mmio: 0xA132D004, ioport: 0x4040, hostc: 0x11
1:128  0:000  Slots to scan [8]...
1:129  0:000  SPD[2]: Type 11 @0x52
1:147  0:018  Not using XMP Profile1 because it is not present
1:147  0:000  DDR speed 1600MHz
1:147  0:000  Slot: 2 Type 24 4096MB 1600MHz Vendor=Samsung PartNo=M471B5173EB0-YK0 SerialNo=03020602090D0F07
1:147  0:000  === [ GetAcpiTablesList ] =================================
1:148  0:000  Get Acpi Tables List from RSDT:
1:148  0:000   - [00]: FACP  CB-01    len=268
1:148  0:000   - [01]: TCPA  CB-01    len=50
1:148  0:000   - [02]: UEFI  CB-01    len=566
1:148  0:000   - [03]: UEFI  CB-01    len=66
1:148  0:000   - [04]: SSDT  CB-01    len=1207
1:148  0:000   - [05]: SSDT  CB-01    len=75
1:148  0:000   - [06]: TPM2  CB-01    len=52
1:148  0:000   - [07]: MSDM  CB-01    len=85
1:148  0:000   - [08]: SSDT  CB-01    len=12457
1:148  0:000   - [09]: DBGP  CB-01    len=52
1:148  0:000   - [10]: DBG2  CB-01    len=84
1:148  0:000   - [11]: ASF!  CB-01    len=165
1:148  0:000   - [12]: ASPT  CB-01    len=52
1:148  0:000   - [13]: BOOT  CB-01    len=40
1:148  0:000   - [14]: DBGP  CB-01    len=52
1:148  0:000   - [15]: HPET  CB-01    len=56
1:148  0:000   - [16]: LPIT  CB-01    len=148
1:148  0:000   - [17]: APIC  CB-01    len=188
1:148  0:000   - [18]: MCFG  CB-01    len=60
1:148  0:000   - [19]: SSDT  CB-01    len=724
1:148  0:000   - [20]: SSDT  CB-01    len=11182
1:148  0:000   - [21]: SSDT  CB-01    len=2873
1:148  0:000   - [22]: SSDT  CB-01    len=3672
1:148  0:000   - [23]: DMAR  CB-01    len=168
1:148  0:000   - [24]: FPDT  CB-01    len=68
1:148  0:000   - [25]: BGRT  CB-01    len=56
1:148  0:000  Calibrated TSC frequency =2401716460 =2401MHz
1:148  0:000  === [ GetUserSettings ] ===================================
1:148  0:000  Add 1 devices:
1:148  0:000   - [00]: [00:02.00]  (Inject Intel HD properties)
1:148  0:000  USB FixOwnership: yes
1:148  0:000  Dropping 1 tables:
1:148  0:000   - [00]: Drop table  signature="DMAR" (52414D44)
1:148  0:000           - set table: 52414D44,                0 to drop: yes
1:148  0:000   - final DSDT Fix mask=01420010
1:148  0:000  PatchesDSDT: 16 requested
1:148  0:000   - [00]: (change _OSI to XOSI) lenToFind: 4, lenToReplace: 4
1:148  0:000   - [01]: (change GFX0 to IGPU) lenToFind: 4, lenToReplace: 4
1:148  0:000   - [02]: (change HDAS to HDEF) lenToFind: 4, lenToReplace: 4
1:148  0:000   - [03]: (Rename HECI to IMEI) lenToFind: 4, lenToReplace: 4
1:148  0:000   - [04]: (change Method(_Q11,0,N) to XQ11) lenToFind: 5, lenToReplace: 5
1:148  0:000   - [05]: (change Method(_Q12,0,N) to XQ12) lenToFind: 5, lenToReplace: 5
1:148  0:000   - [06]: (change Method(GPRW,2,N) to XPRW) lenToFind: 5, lenToReplace: 5
1:148  0:000   - [07]: (change _DSM to XDSM) lenToFind: 4, lenToReplace: 4
1:148  0:000   - [08]: (change Method(_BIF,0,N) to XBIF) lenToFind: 5, lenToReplace: 5
1:148  0:000   - [09]: (change Method(_BST,0,S) to XBST) lenToFind: 5, lenToReplace: 5
1:148  0:000   - [10]: (change Method(SMTF,1,N) to XMTF) lenToFind: 5, lenToReplace: 5
1:148  0:000   - [11]: (change Method(SMTE,1,N) to XMTE) lenToFind: 5, lenToReplace: 5
1:148  0:000   - [12]: (change Method(GSBI,1,N) to XSBI) lenToFind: 5, lenToReplace: 5
1:148  0:000   - [13]: (change Method(MHPF,1,N) to XHPF) lenToFind: 5, lenToReplace: 5
1:148  0:000   - [14]: (change Method(MHIF,1,N) to XHIF) lenToFind: 5, lenToReplace: 5
1:148  0:000   - [15]: (change Method(GBID,0,S) to XBID) lenToFind: 5, lenToReplace: 5
1:148  0:000  CpuFreq: 3200MHz
1:203  0:054  === [ ScanVolumes ] =======================================
1:203  0:000  Found 12 volumes with blockIO
1:203  0:000  - [00]: Volume: PciRoot(0x0)\Pci(0x17,0x0)\Sata(0x0,0x0,0x0)
1:205  0:002          Result of bootcode detection: bootable unknown (legacy)
1:205  0:000  - [01]: Volume: PciRoot(0x0)\Pci(0x17,0x0)\Sata(0x0,0x0,0x0)\HD(1,GPT,38D35DA5-2857-4E40-919D-D48E4446041A,0x28,0x64000)
1:205  0:000          Result of bootcode detection: bootable unknown (legacy)
1:210  0:005          This is SelfVolume !!
1:210  0:000  - [02]: Volume: PciRoot(0x0)\Pci(0x17,0x0)\Sata(0x0,0x0,0x0)\HD(2,GPT,B52343C4-989D-489F-B01A-2C4067C4BBBD,0x64028,0x174D7BC0)
1:218  0:007  - [03]: Volume: PciRoot(0x0)\Pci(0x17,0x0)\Sata(0x0,0x0,0x0)\HD(3,GPT,7FB7E0E6-C18F-4C91-A846-547F722A1486,0x1753BBE8,0x135F20)
1:229  0:010  - [04]: Volume: PciRoot(0x0)\Pci(0x17,0x0)\Sata(0x0,0x0,0x0)\HD(4,GPT,2700B497-0D33-48B0-BEC3-1DD5DB2C5A78,0x17671B08,0x172E1D08)
1:233  0:003          Result of bootcode detection: bootable Windows (vista,win)
1:233  0:000  - [05]: Volume: PciRoot(0x0)\Pci(0x17,0x0)\Sata(0x0,0x0,0x0)\HD(5,GPT,1DAE507A-A4A6-412F-9C96-F78A4AADAE96,0x2E993810,0x5F5E8)
1:243  0:010          Result of bootcode detection: bootable unknown (legacy)
1:243  0:000  - [06]: Volume: PciRoot(0x0)\Pci(0x17,0x0)\Sata(0x0,0x0,0x0)\HD(6,GPT,97E2FEEB-24D0-4F60-BBE3-ADDE1926A94D,0x2E9F2DF8,0x344EBA80)
1:253  0:009  - [07]: Volume: PciRoot(0x0)\Pci(0x17,0x0)\Sata(0x0,0x0,0x0)\HD(7,GPT,8ED4001E-D86B-4F05-91F6-0F7ABD86913F,0x62F1E878,0x117A8510)
1:253  0:000  - [08]: Volume: PciRoot(0x0)\Pci(0x17,0x0)\Sata(0x1,0x0,0x0)
1:253  0:000          Found optical drive
1:294  0:041  Detected name ARCH_201705
1:294  0:000          Found Linux DVD
1:294  0:000          Result of bootcode detection: bootable unknown (linux)
1:294  0:000  - [09]: Volume: PciRoot(0x0)\Pci(0x17,0x0)\Sata(0x1,0x0,0x0)\CDROM(0x0)
1:294  0:000          Found optical drive
1:335  0:040  - [10]: Volume: PciRoot(0x0)\Pci(0x17,0x0)\Sata(0x1,0x0,0x0)\CDROM(0x1)
1:335  0:000          Found optical drive
1:363  0:027  Detected name 
1:363  0:000          Result of bootcode detection: bootable unknown (legacy)
1:363  0:000  - [11]: Volume: PciRoot(0x0)\Pci(0x17,0x0)\Sata(0x1,0x0,0x0)\HD(1,MBR,0x7887F83F,0xA4,0x20000)
1:394  0:030          Result of bootcode detection: bootable unknown (legacy)
1:394  0:000  === [ InitTheme ] =========================================
1:394  0:000  Using theme 'Mavs Style' (EFI\CLOVER\themes\Mavs Style)
1:394  0:000  OS main and drive as badge
1:396  0:001  Loading font from ThemeDir: Success
1:396  0:000  Choosing theme Mavs Style
1:396  0:000  found boot-args in NVRAM:darkwake=1 UseKernelCache=Yes debug=0x200 serverperfmode=1 dart=0 nv_disable=1 nvda_drv=0, size=90
1:396  0:000  ...found arg:darkwake=1
1:396  0:000  ...adding arg:darkwake=1
1:396  0:000  ...found arg:UseKernelCache=Yes
1:396  0:000  ...adding arg:UseKernelCache=Yes
1:396  0:000  ...found arg:debug=0x200
1:396  0:000  ...adding arg:debug=0x200
1:396  0:000  ...found arg:serverperfmode=1
1:396  0:000  ...adding arg:serverperfmode=1
1:396  0:000  ...found arg:dart=0
1:396  0:000  ...adding arg:dart=0
1:396  0:000  ...found arg:nv_disable=1
1:396  0:000  ...found arg:nvda_drv=0
1:396  0:000  ...adding arg:nvda_drv=0
1:396  0:000  after NVRAM boot-args=nv_disable=1 kext-dev-mode=1 MountEFI=yes kextlog=0xff7 darkwake=1 UseKernelCache=Yes debug=0x200 serverperfmode=1 dart=0 nvda_drv=0 
1:396  0:000  === [ Dump SMC keys from NVRAM ] ==========================
1:396  0:000  found AppleSMC protocol
1:417  0:021  === [ ScanLoader ] ========================================
1:417  0:000  - [01]: 'EFI'
1:433  0:015  not png, try icns
1:443  0:010  not png, try icns
1:443  0:000  not png, try icns
1:453  0:009  not png, try icns
1:459  0:006  not png, try icns
1:460  0:000  not png, try icns
1:461  0:000  not png, try icns
1:461  0:000  not png, try icns
1:474  0:012  not png, try icns
1:485  0:011  not png, try icns
1:486  0:000  not png, try icns
1:494  0:008  not png, try icns
1:495  0:000  not png, try icns
1:495  0:000  not png, try icns
1:495  0:000  - [02]: 'Macintosh HD'
1:521  0:026          AddLoaderEntry for Volume Name=Macintosh HD
1:554  0:032      Check if volume Is Hibernated:
1:554  0:000      Check sleep image 'by signature':
1:617  0:063      read prefs \Library\Preferences\com.apple.PowerManagement.plist status=Success
1:617  0:000      using default sleep image name = \private\var\vm\sleepimage
1:664  0:046      got sleep image offset
1:664  0:000       sleepimage offset acquired successfully: 1644806000
1:664  0:000       gSleepTime: 1494230516
1:682  0:018       HFS+ volume modifyDate: 1494357390
1:682  0:000       image older then volume: 126874 sec
1:682  0:000       image too old
1:682  0:000      hibernated: no - time
1:693  0:010  not png, try icns
1:693  0:000          [!] Icon 17 (icons\vol_internal_hfs.icns) not found (path: EFI\CLOVER\themes\Mavs Style)
1:703  0:009  not png, try icns
1:704  0:000  not png, try icns
1:708  0:004  not png, try icns
1:709  0:000  not png, try icns
1:709  0:000  not png, try icns
1:709  0:000  not png, try icns
1:709  0:000  not png, try icns
1:710  0:000  not png, try icns
1:710  0:000  not png, try icns
1:711  0:000  not png, try icns
1:711  0:000  not png, try icns
1:711  0:000  not png, try icns
1:715  0:004  not png, try icns
1:715  0:000  not png, try icns
1:716  0:000  not png, try icns
1:716  0:000  - [03]: 'Recovery HD'
1:744  0:028          AddLoaderEntry for Volume Name=Recovery HD
1:750  0:006  not png, try icns
1:773  0:022  not png, try icns
1:773  0:000  not png, try icns
1:774  0:000  not png, try icns
1:774  0:000  not png, try icns
1:774  0:000  not png, try icns
1:774  0:000  not png, try icns
1:774  0:000  not png, try icns
1:775  0:000  not png, try icns
1:775  0:000  not png, try icns
1:776  0:000  not png, try icns
1:776  0:000  not png, try icns
1:776  0:000  not png, try icns
1:776  0:000  not png, try icns
1:777  0:000  not png, try icns
1:777  0:000  not png, try icns
1:777  0:000  - [04]: 'Windows'
1:790  0:012  not png, try icns
1:790  0:000  not png, try icns
1:791  0:000  not png, try icns
1:791  0:000  not png, try icns
1:791  0:000  not png, try icns
1:791  0:000  not png, try icns
1:792  0:000  not png, try icns
1:792  0:000  not png, try icns
1:793  0:000  not png, try icns
1:793  0:000  not png, try icns
1:793  0:000  not png, try icns
1:794  0:000  not png, try icns
1:794  0:000  not png, try icns
1:795  0:000  not png, try icns
1:811  0:016  - [06]: 'Media HD'
1:812  0:000  not png, try icns
1:812  0:000  not png, try icns
1:813  0:000  not png, try icns
1:813  0:000  not png, try icns
1:813  0:000  not png, try icns
1:813  0:000  not png, try icns
1:814  0:000  not png, try icns
1:814  0:000  not png, try icns
1:815  0:000  not png, try icns
1:815  0:000  not png, try icns
1:815  0:000  not png, try icns
1:815  0:000  not png, try icns
1:816  0:000  not png, try icns
1:816  0:000  not png, try icns
1:816  0:000  - [10]: ''
1:816  0:000  not png, try icns
1:817  0:000  not png, try icns
1:817  0:000  not png, try icns
1:817  0:000  not png, try icns
1:817  0:000  not png, try icns
1:817  0:000  not png, try icns
1:818  0:000  not png, try icns
1:818  0:000  not png, try icns
1:818  0:000  not png, try icns
1:819  0:000  not png, try icns
1:819  0:000  not png, try icns
1:819  0:000  not png, try icns
1:819  0:000  not png, try icns
1:820  0:000  not png, try icns
1:820  0:000          AddLoaderEntry for Volume Name=
1:820  0:000  not png, try icns
1:820  0:000  not png, try icns
1:820  0:000  Scanning legacy ...
1:820  0:000   4: 'Windows' (vista,win) add legacy
1:821  0:000  not png, try icns
1:821  0:000  not png, try icns
1:821  0:000   added 'Boot Windows from Windows' OSType=2 Icon=vista,win
1:821  0:000   8: 'ARCH_201705' (linux) add legacy
1:821  0:000  not png, try icns
1:822  0:000   added 'Boot Legacy OS from ARCH_201705' OSType=4 Icon=linux
1:822  0:000  === [ AddCustomTool ] =====================================
1:822  0:000  found tool \EFI\CLOVER\tools\Shell64U.efi
1:822  0:000  Checking EFI partition Volume 1 for Clover
1:822  0:000   Found Clover
1:823  0:000  === [ GetEfiBootDeviceFromNvram ] =========================
1:823  0:000   - efi-boot-device-data: PciRoot(0x0)\Pci(0x17,0x0)\Sata(0x0,0x0,0x0)\HD(2,GPT,B52343C4-989D-489F-B01A-2C4067C4BBBD,0x64028,0x174D7BC0)
1:823  0:000    - Volume: 'PciRoot(0x0)\Pci(0x17,0x0)\Sata(0x0,0x0,0x0)\HD(2,GPT,B52343C4-989D-489F-B01A-2C4067C4BBBD,0x64028,0x174D7BC0)'
1:823  0:000    - LoaderPath: '<null string>'
1:823  0:000    - Guid = B52343C4-989D-489F-B01A-2C4067C4BBBD
1:823  0:000  === [ FindStartupDiskVolume ] =============================
1:823  0:000    - Volume: partition = PciRoot(0x0)\Pci(0x17,0x0)\Sata(0x0,0x0,0x0)\HD(2,GPT,B52343C4-989D-489F-B01A-2C4067C4BBBD,0x64028,0x174D7BC0)
1:823  0:000     - searching for that partition
1:823  0:000      - found entry 0. 'Boot macOS from Macintosh HD', Volume 'Macintosh HD'
1:823  0:000  Boot redirected to Entry 0. 'Boot macOS from Macintosh HD'
1:823  0:000  DefaultIndex=0 and MainMenu.EntryCount=11
2:216  0:392  GUI ready
4:049  1:832  BootVariable of the entry is empty
4:049  0:000  SetStartupDiskVolume:
4:049  0:000    * Volume: 'ARCH_201705'
4:049  0:000    * LoaderPath: '<null string>'
4:049  0:000    * DevPath: ARCH_201705
4:049  0:000    * GUID = <null guid>
4:131  0:082  not png, try icns
4:181  0:050  CDROMBoot: Booting LBA 32809 @7C00 L2000
