0:100  0:100  MemLog inited, TSC freq: 2400017300
0:100  0:000  CPU was calibrated without ACPI PM Timer: ACPI I/O space is not enabled., use RTC
0:100  0:000  
0:100  0:000  Now is 11.5.2017,  13:59:44 (GMT)
0:100  0:000  Starting Clover revision: 4061 on INSYDE Corp. EFI
0:100  0:000  Build with: [Args: -D NO_GRUB_DRIVERS_EMBEDDED | -D NO_GRUB_DRIVERS_EMBEDDED -D USE_LOW_EBDA -a X64 -b RELEASE -t XCODE5 -n 5 | OS: 10.12.4 | XCODE: 8.2.1]
0:100  0:000  SelfDevicePath=PciRoot(0x0)\Pci(0x17,0x0)\Sata(0x0,0x0,0x0)\HD(1,GPT,38D35DA5-2857-4E40-919D-D48E4446041A,0x28,0x64000) @7B8F4998
0:100  0:000  SelfDirPath = \EFI\BOOT
0:100  0:000  === [ Get Smbios ] ========================================
0:100  0:000  Type 16 Index = 0
0:100  0:000  Total Memory Slots Count = 2
0:100  0:000  Type 17 Index = 0
0:100  0:000  Ignoring insane frequency value 0MHz
0:100  0:000  SmbiosTable.Type17->Speed = 0MHz
0:100  0:000  SmbiosTable.Type17->Size = 0MB
0:100  0:000  SmbiosTable.Type17->Bank/Device = BANK 0 ChannelA-DIMM0
0:100  0:000  SmbiosTable.Type17->Vendor = <null string>
0:100  0:000  SmbiosTable.Type17->SerialNumber = <null string>
0:100  0:000  SmbiosTable.Type17->PartNumber = <null string>
0:100  0:000  Type 17 Index = 1
0:100  0:000  Ignoring insane frequency value 0MHz
0:100  0:000  SmbiosTable.Type17->Speed = 0MHz
0:100  0:000  SmbiosTable.Type17->Size = 0MB
0:100  0:000  SmbiosTable.Type17->Bank/Device = BANK 1 ChannelA-DIMM1
0:100  0:000  SmbiosTable.Type17->Vendor = <null string>
0:100  0:000  SmbiosTable.Type17->SerialNumber = <null string>
0:100  0:000  SmbiosTable.Type17->PartNumber = <null string>
0:100  0:000  Boot status=0
0:100  0:000  Running on: '80QH' with board 'VIUU4'
0:100  0:000  === [ GetCPUProperties ] ==================================
0:100  0:000  CPU Vendor = 756E6547 Model=406E3
0:100  0:000   The CPU supported SSE4.1
0:100  0:000  The CPU supported turbo
0:100  0:000  BrandString = Intel(R) Core(TM) i5-6200U CPU @ 2.30GHz
0:100  0:000   TSC/CCC Information Leaf:
0:100  0:000    numerator     : 200
0:100  0:000    denominator   : 2
0:100  0:000   Calibrated ARTFrequency: 24000173
0:100  0:000  MSR 0xE2 before patch 1E008006
0:100  0:000  MSR 0xE2 is locked, PM patches will be turned on
0:100  0:000  MSR 0xCE              0004043D_F1011800
0:100  0:000  MSR 0x1A0             00850089
0:100  0:000  corrected FLEX_RATIO = 0
0:100  0:000  FSBFrequency = 91 MHz, DMI FSBFrequency = 100 MHz, Corrected FSBFrequency = 100 MHz
0:100  0:000  MaxDiv/MinDiv: 24.0/4
0:100  0:000  Turbo: 27/27/27/28
0:100  0:000  Features: 0xBFEBFBFF
0:100  0:000  Threads: 4
0:100  0:000  Cores: 2
0:100  0:000  FSB: 25 MHz
0:100  0:000  CPU: 2200 MHz
0:100  0:000  TSC: 2200 MHz
0:100  0:000  PIS: 100 MHz
0:100  0:000  === [ GetDevices ] ========================================
0:100  0:000  PCI (00|00:00.00) : 8086 1904 class=060000
0:100  0:000  PCI (00|00:02.00) : 8086 1916 class=030000
0:100  0:000   - GFX: Model=Intel HD Graphics 520 (Intel)
0:100  0:000  PCI (00|00:14.00) : 8086 9D2F class=0C0330
0:100  0:000  PCI (00|00:14.02) : 8086 9D31 class=118000
0:100  0:000  PCI (00|00:16.00) : 8086 9D3A class=078000
0:100  0:000  PCI (00|00:17.00) : 8086 9D03 class=010601
0:100  0:000  PCI (00|00:1C.00) : 8086 9D14 class=060400
0:100  0:000  PCI (00|01:00.00) : 10EC 8168 class=020000
0:100  0:000   - LAN: 0 Vendor=Realtek
0:100  0:000  PCI (00|00:1F.00) : 8086 9D48 class=060100
0:100  0:000  PCI (00|00:1F.02) : 8086 9D21 class=058000
0:100  0:000  PCI (00|00:1F.03) : 8086 9D70 class=040300
0:100  0:000  PCI (00|00:1F.04) : 8086 9D23 class=0C0500
0:100  0:000  === [ GetDefaultSettings ] ================================
0:100  0:000  Clover load options size = 0 bytes
0:113  0:012  EFI\CLOVER\config.plist loaded: Success
0:113  0:000  === [ GetListOfThemes ] ===================================
0:135  0:022  - [00]: Mavs Style
0:142  0:007  === [ Found config plists ] ===============================
0:142  0:000  - config.plist
0:142  0:000  === [ GetEarlyUserSettings ] ==============================
0:142  0:000  timeout set to 5
0:142  0:000  Custom boot CUSTOM_BOOT_DISABLED (0x0)
0:142  0:000  ForceKextsToLoad: 1 requested
0:142  0:000   - [0]: System\Library\Extensions\AppleIntelSKLGraphicsFramebuffer.kext
0:142  0:000  KextsToPatch: 7 requested
0:142  0:000   - [00]: AirPortBrcm4360 (AirPortBrcm4360 whitelist patch (board-id), credit RehabMan) :: BinPatch :: data len: 8
0:142  0:000   - [01]: AppleAPIC (APIC #2: patch by Piker Alpha) :: MatchOS: 10.11.4 :: BinPatch :: data len: 6
0:142  0:000   - [02]: AppleAPIC (APIC #1: patch by Piker Alpha) :: MatchOS: 10.11.1,10.11.2,10.11.3 :: BinPatch :: data len: 6
0:142  0:000   - [03]: IOGraphicsFamily (Intel HD  patch boot logo ) :: BinPatch :: data len: 5
0:142  0:000   - [04]: com.apple.driver.AppleIntelSKLGraphicsFramebuffer (Disable minStolenSize less or equal fStolenMemorySize assertion, 10.12.0 ( (based on Austere.J patch)) :: MatchOS: 10.12.x :: BinPatch :: data len: 7
0:142  0:000   - [05]: com.apple.iokit.IOGraphicsFamily (Boot graphics glitch, 10.12.dp1 (credit denskop)) :: MatchOS: 10.12.x :: BinPatch :: data len: 5
0:142  0:000   - [06]: com.apple.iokit.IOGraphicsFamily (Boot graphics glitch, 10.10.x/10.11.x (credit lisai9093, cecekpawon)) :: MatchOS: 10.10.x,10.11.x :: BinPatch :: data len: 5
0:142  0:000  Default theme: Mavs Style
0:142  0:000  === [ LoadDrivers ] =======================================
0:143  0:000  Loading FSInject-64.efi  status=Success
0:145  0:001  Loading HFSPlus-64.efi  status=Success
0:146  0:001   - driver needs connecting
0:146  0:000  Loading NTFS-64.efi  status=Success
0:150  0:003   - driver needs connecting
0:150  0:000  Loading OsxAptioFixDrv-64.efi  status=Success
0:152  0:001  Loading OsxFatBinaryDrv-64.efi  status=Success
0:154  0:001  Loading SMCHelper-64.efi  status=Success
0:155  0:001  2 drivers needs connecting ...
0:155  0:000  PlatformDriverOverrideProtocol not found. Installing ... Success
0:155  0:000  HFS+ driver loaded
0:155  0:000  Searching for invalid DiskIo BY_DRIVER connects: not found, all ok
0:667  0:511  === [ InitScreen ] ========================================
0:667  0:000  SetScreenResolution: 1600x900 - already set
0:667  0:000  Console modes reported: 6, available modes:
0:667  0:000   - [01]: 80x25
0:667  0:000   - [03]: 80x25
0:667  0:000   - [04]: 200x47 (current mode)
0:667  0:000   - [05]: 100x31
0:667  0:000   - [06]: 128x40
0:667  0:000  SetScreenResolution: 1600x900 - already set
0:667  0:000  reinit: self device path=PciRoot(0x0)\Pci(0x17,0x0)\Sata(0x0,0x0,0x0)\HD(1,GPT,38D35DA5-2857-4E40-919D-D48E4446041A,0x28,0x64000)
0:667  0:000  === [ GetMacAddress ] =====================================
0:667  0:000  === [ ScanSPD ] ===========================================
0:667  0:000  SMBus device : 8086 9D23 class=0C0500 status=Success
0:667  0:000  SMBus CmdReg: 0x3
0:667  0:000  Scanning SMBus [8086:9D23], mmio: 0xA112D004, ioport: 0x4040, hostc: 0x11
0:667  0:000  Slots to scan [8]...
0:668  0:000  SPD[2]: Type 11 @0x52
0:686  0:017  Not using XMP Profile1 because it is not present
0:686  0:000  DDR speed 1600MHz
0:686  0:000  Slot: 2 Type 24 4096MB 1600MHz Vendor=Samsung PartNo=M471B5173EB0-YK0 SerialNo=03020602090D0F07
0:687  0:000  === [ GetAcpiTablesList ] =================================
0:687  0:000  Get Acpi Tables List from RSDT:
0:687  0:000   - [00]: FACP  CB-01    len=268
0:687  0:000   - [01]: TCPA  CB-01    len=50
0:687  0:000   - [02]: UEFI  CB-01    len=566
0:687  0:000   - [03]: UEFI  CB-01    len=66
0:687  0:000   - [04]: SSDT  CB-01    len=1207
0:687  0:000   - [05]: SSDT  CB-01    len=75
0:687  0:000   - [06]: TPM2  CB-01    len=52
0:687  0:000   - [07]: MSDM  CB-01    len=85
0:687  0:000   - [08]: SSDT  CB-01    len=12457
0:687  0:000   - [09]: DBGP  CB-01    len=52
0:687  0:000   - [10]: DBG2  CB-01    len=84
0:687  0:000   - [11]: ASF!  CB-01    len=165
0:687  0:000   - [12]: ASPT  CB-01    len=52
0:687  0:000   - [13]: BOOT  CB-01    len=40
0:687  0:000   - [14]: DBGP  CB-01    len=52
0:687  0:000   - [15]: HPET  CB-01    len=56
0:687  0:000   - [16]: LPIT  CB-01    len=148
0:687  0:000   - [17]: APIC  CB-01    len=188
0:687  0:000   - [18]: MCFG  CB-01    len=60
0:687  0:000   - [19]: SSDT  CB-01    len=724
0:687  0:000   - [20]: SSDT  CB-01    len=11182
0:687  0:000   - [21]: SSDT  CB-01    len=2873
0:687  0:000   - [22]: SSDT  CB-01    len=3672
0:687  0:000   - [23]: DMAR  CB-01    len=168
0:687  0:000   - [24]: FPDT  CB-01    len=68
0:687  0:000   - [25]: BGRT  CB-01    len=56
0:687  0:000  Calibrated TSC frequency =2400017300 =2400MHz
0:687  0:000  === [ GetUserSettings ] ===================================
0:687  0:000  Add 1 devices:
0:687  0:000   - [00]: [00:02.00]  (Inject Intel HD properties)
0:687  0:000  USB FixOwnership: yes
0:687  0:000  Dropping 1 tables:
0:687  0:000   - [00]: Drop table  signature="DMAR" (52414D44)
0:687  0:000           - set table: 52414D44,                0 to drop: yes
0:687  0:000   - final DSDT Fix mask=01420010
0:687  0:000  PatchesDSDT: 16 requested
0:687  0:000   - [00]: (change _OSI to XOSI) lenToFind: 4, lenToReplace: 4
0:687  0:000   - [01]: (change GFX0 to IGPU) lenToFind: 4, lenToReplace: 4
0:687  0:000   - [02]: (change HDAS to HDEF) lenToFind: 4, lenToReplace: 4
0:687  0:000   - [03]: (Rename HECI to IMEI) lenToFind: 4, lenToReplace: 4
0:687  0:000   - [04]: (change Method(_Q11,0,N) to XQ11) lenToFind: 5, lenToReplace: 5
0:687  0:000   - [05]: (change Method(_Q12,0,N) to XQ12) lenToFind: 5, lenToReplace: 5
0:687  0:000   - [06]: (change Method(GPRW,2,N) to XPRW) lenToFind: 5, lenToReplace: 5
0:687  0:000   - [07]: (change _DSM to XDSM) lenToFind: 4, lenToReplace: 4
0:687  0:000   - [08]: (change Method(_BIF,0,N) to XBIF) lenToFind: 5, lenToReplace: 5
0:687  0:000   - [09]: (change Method(_BST,0,S) to XBST) lenToFind: 5, lenToReplace: 5
0:687  0:000   - [10]: (change Method(SMTF,1,N) to XMTF) lenToFind: 5, lenToReplace: 5
0:687  0:000   - [11]: (change Method(SMTE,1,N) to XMTE) lenToFind: 5, lenToReplace: 5
0:687  0:000   - [12]: (change Method(GSBI,1,N) to XSBI) lenToFind: 5, lenToReplace: 5
0:687  0:000   - [13]: (change Method(MHPF,1,N) to XHPF) lenToFind: 5, lenToReplace: 5
0:687  0:000   - [14]: (change Method(MHIF,1,N) to XHIF) lenToFind: 5, lenToReplace: 5
0:687  0:000   - [15]: (change Method(GBID,0,S) to XBID) lenToFind: 5, lenToReplace: 5
0:687  0:000  CpuFreq: 3200MHz
0:707  0:019  === [ ScanVolumes ] =======================================
0:707  0:000  Found 8 volumes with blockIO
0:707  0:000  - [00]: Volume: PciRoot(0x0)\Pci(0x17,0x0)\Sata(0x0,0x0,0x0)
0:709  0:002          Result of bootcode detection: bootable unknown (legacy)
0:709  0:000  - [01]: Volume: PciRoot(0x0)\Pci(0x17,0x0)\Sata(0x0,0x0,0x0)\HD(1,GPT,38D35DA5-2857-4E40-919D-D48E4446041A,0x28,0x64000)
0:709  0:000          Result of bootcode detection: bootable unknown (legacy)
0:714  0:005          This is SelfVolume !!
0:714  0:000  - [02]: Volume: PciRoot(0x0)\Pci(0x17,0x0)\Sata(0x0,0x0,0x0)\HD(2,GPT,B52343C4-989D-489F-B01A-2C4067C4BBBD,0x64028,0x17440C10)
0:722  0:007  - [03]: Volume: PciRoot(0x0)\Pci(0x17,0x0)\Sata(0x0,0x0,0x0)\HD(3,GPT,7FB7E0E6-C18F-4C91-A846-547F722A1486,0x174A4C38,0x135F20)
0:732  0:010  - [04]: Volume: PciRoot(0x0)\Pci(0x17,0x0)\Sata(0x0,0x0,0x0)\HD(4,GPT,881B26E8-37FA-4175-81A1-B58E0FD77A4D,0x175DAB58,0xBB00098)
0:737  0:004          Result of bootcode detection: bootable Windows (vista,win)
0:737  0:000  - [05]: Volume: PciRoot(0x0)\Pci(0x17,0x0)\Sata(0x0,0x0,0x0)\HD(5,GPT,4EC41612-BDCB-4A40-9E09-B6B0CB40601B,0x2311ABF0,0xB898208)
0:746  0:008  - [06]: Volume: PciRoot(0x0)\Pci(0x17,0x0)\Sata(0x0,0x0,0x0)\HD(6,GPT,97E2FEEB-24D0-4F60-BBE3-ADDE1926A94D,0x2E9F2DF8,0x45CD3F90)
0:757  0:011  - [07]: Volume: PciRoot(0x0)\Pci(0x17,0x0)\Sata(0x1,0x0,0x0)
0:757  0:000          Found optical drive
0:757  0:000  === [ InitTheme ] =========================================
0:757  0:000  Using theme 'Mavs Style' (EFI\CLOVER\themes\Mavs Style)
0:757  0:000  OS main and drive as badge
0:758  0:001  Loading font from ThemeDir: Success
0:759  0:000  Choosing theme Mavs Style
0:759  0:000  found boot-args in NVRAM:darkwake=1 UseKernelCache=Yes debug=0x200 serverperfmode=1 dart=0 nv_disable=1 nvda_drv=0, size=90
0:759  0:000  ...found arg:darkwake=1
0:759  0:000  ...adding arg:darkwake=1
0:759  0:000  ...found arg:UseKernelCache=Yes
0:759  0:000  ...adding arg:UseKernelCache=Yes
0:759  0:000  ...found arg:debug=0x200
0:759  0:000  ...adding arg:debug=0x200
0:759  0:000  ...found arg:serverperfmode=1
0:759  0:000  ...adding arg:serverperfmode=1
0:759  0:000  ...found arg:dart=0
0:759  0:000  ...adding arg:dart=0
0:759  0:000  ...found arg:nv_disable=1
0:759  0:000  ...found arg:nvda_drv=0
0:759  0:000  ...adding arg:nvda_drv=0
0:759  0:000  after NVRAM boot-args=nv_disable=1 kext-dev-mode=1 MountEFI=yes kextlog=0xff7 darkwake=1 UseKernelCache=Yes debug=0x200 serverperfmode=1 dart=0 nvda_drv=0 
0:759  0:000  === [ Dump SMC keys from NVRAM ] ==========================
0:759  0:000  found AppleSMC protocol
0:776  0:016  === [ AddCustomEntries ] ==================================
0:776  0:000  Custom entry 0 FullTitle:"Arch Linux" Path:"vmlinuz-linux" Options:"root=UUID=636b1336-303f-4032-975c-70d07c9cf390 rw add_efi_memmap initrd=/initramfs-linux.img" Type:4 Flags:0x0 matching Volume:"EFI"
0:776  0:000      Checking volume "EFI" (PciRoot(0x0)\Pci(0x17,0x0)\Sata(0x0,0x0,0x0)\HD(1,GPT,38D35DA5-2857-4E40-919D-D48E4446041A,0x28,0x64000)) ... match!
0:793  0:017  not png, try icns
0:797  0:003          [!] Icon 19 (icons\vol_internal_ext3.icns) not found (path: EFI\CLOVER\themes\Mavs Style)
0:798  0:001  not png, try icns
0:798  0:000  Custom settings: <null string>.plist will  be applied
0:798  0:000      Checking volume "Macintosh HD" (PciRoot(0x0)\Pci(0x17,0x0)\Sata(0x0,0x0,0x0)\HD(2,GPT,B52343C4-989D-489F-B01A-2C4067C4BBBD,0x64028,0x17440C10)) ... skipped
0:798  0:000      Checking volume "Recovery HD" (PciRoot(0x0)\Pci(0x17,0x0)\Sata(0x0,0x0,0x0)\HD(3,GPT,7FB7E0E6-C18F-4C91-A846-547F722A1486,0x174A4C38,0x135F20)) ... skipped
0:798  0:000      Checking volume "" (PciRoot(0x0)\Pci(0x17,0x0)\Sata(0x0,0x0,0x0)\HD(4,GPT,881B26E8-37FA-4175-81A1-B58E0FD77A4D,0x175DAB58,0xBB00098)) ... skipped
0:798  0:000      Checking volume "Media HD" (PciRoot(0x0)\Pci(0x17,0x0)\Sata(0x0,0x0,0x0)\HD(6,GPT,97E2FEEB-24D0-4F60-BBE3-ADDE1926A94D,0x2E9F2DF8,0x45CD3F90)) ... skipped
0:798  0:000  Custom entry 1 skipped because it is hidden.
0:798  0:000  === [ ScanLoader ] ========================================
0:798  0:000  - [01]: 'EFI'
0:804  0:005  not png, try icns
0:825  0:020  not png, try icns
0:825  0:000  not png, try icns
0:836  0:010  not png, try icns
0:836  0:000  not png, try icns
0:836  0:000  not png, try icns
0:839  0:002  not png, try icns
0:860  0:021  not png, try icns
0:867  0:006  not png, try icns
0:878  0:011  not png, try icns
0:879  0:000  not png, try icns
0:888  0:008  not png, try icns
0:888  0:000  not png, try icns
0:888  0:000  not png, try icns
0:888  0:000  - [02]: 'Macintosh HD'
0:915  0:026          AddLoaderEntry for Volume Name=Macintosh HD
0:915  0:000      Not match custom entry 1: Volume: not match, Path: not match, VolumeType: match, Type: not match
0:947  0:032      Check if volume Is Hibernated:
0:947  0:000      Check sleep image 'by signature':
1:012  0:064      read prefs \Library\Preferences\com.apple.PowerManagement.plist status=Success
1:012  0:000      using default sleep image name = \private\var\vm\sleepimage
1:046  0:034      got sleep image offset
1:046  0:000       sleepimage offset acquired successfully: 1644806000
1:046  0:000       gSleepTime: 1494230516
1:054  0:007       HFS+ volume modifyDate: 1494501314
1:054  0:000       image older then volume: 270798 sec
1:054  0:000       image too old
1:054  0:000      hibernated: no - time
1:065  0:010  not png, try icns
1:065  0:000          [!] Icon 17 (icons\vol_internal_hfs.icns) not found (path: EFI\CLOVER\themes\Mavs Style)
1:065  0:000  not png, try icns
1:065  0:000  not png, try icns
1:069  0:003  not png, try icns
1:069  0:000  not png, try icns
1:069  0:000  not png, try icns
1:069  0:000  not png, try icns
1:070  0:000  not png, try icns
1:082  0:012  not png, try icns
1:082  0:000  not png, try icns
1:083  0:000  not png, try icns
1:083  0:000  not png, try icns
1:083  0:000  not png, try icns
1:086  0:003  not png, try icns
1:087  0:000  not png, try icns
1:087  0:000  not png, try icns
1:087  0:000  - [03]: 'Recovery HD'
1:117  0:029          AddLoaderEntry for Volume Name=Recovery HD
1:117  0:000      Not match custom entry 1: Volume: not match, Path: not match, VolumeType: match, Type: not match
1:127  0:010  not png, try icns
1:144  0:016  not png, try icns
1:145  0:000  not png, try icns
1:145  0:000  not png, try icns
1:145  0:000  not png, try icns
1:146  0:000  not png, try icns
1:146  0:000  not png, try icns
1:146  0:000  not png, try icns
1:146  0:000  not png, try icns
1:147  0:000  not png, try icns
1:147  0:000  not png, try icns
1:147  0:000  not png, try icns
1:147  0:000  not png, try icns
1:148  0:000  not png, try icns
1:148  0:000  not png, try icns
1:148  0:000  not png, try icns
1:148  0:000  - [04]: ''
1:161  0:012  not png, try icns
1:162  0:000  not png, try icns
1:162  0:000  not png, try icns
1:162  0:000  not png, try icns
1:163  0:000  not png, try icns
1:163  0:000  not png, try icns
1:164  0:000  not png, try icns
1:164  0:000  not png, try icns
1:165  0:000  not png, try icns
1:165  0:000  not png, try icns
1:165  0:000  not png, try icns
1:166  0:000  not png, try icns
1:166  0:000  not png, try icns
1:166  0:000  not png, try icns
1:198  0:031  - [06]: 'Media HD'
1:198  0:000  not png, try icns
1:199  0:000  not png, try icns
1:199  0:000  not png, try icns
1:199  0:000  not png, try icns
1:199  0:000  not png, try icns
1:200  0:000  not png, try icns
1:200  0:000  not png, try icns
1:201  0:000  not png, try icns
1:201  0:000  not png, try icns
1:201  0:000  not png, try icns
1:201  0:000  not png, try icns
1:202  0:000  not png, try icns
1:202  0:000  not png, try icns
1:202  0:000  not png, try icns
1:202  0:000  Scanning legacy ...
1:202  0:000   4: '' (vista,win) add legacy
1:203  0:000  not png, try icns
1:219  0:016  not png, try icns
1:219  0:000   added 'Boot Windows from ' OSType=2 Icon=vista,win
1:219  0:000  === [ AddCustomTool ] =====================================
1:229  0:010  found tool \EFI\CLOVER\tools\Shell64U.efi
1:229  0:000  Checking EFI partition Volume 1 for Clover
1:229  0:000   Found Clover
1:230  0:000  === [ GetEfiBootDeviceFromNvram ] =========================
1:230  0:000   - efi-boot-device-data: PciRoot(0x0)\Pci(0x17,0x0)\Sata(0x0,0x0,0x0)\HD(1,GPT,38D35DA5-2857-4E40-919D-D48E4446041A,0x28,0x64000)\vmlinuz-linux
1:230  0:000    - Volume: 'PciRoot(0x0)\Pci(0x17,0x0)\Sata(0x0,0x0,0x0)\HD(1,GPT,38D35DA5-2857-4E40-919D-D48E4446041A,0x28,0x64000)'
1:230  0:000    - LoaderPath: 'vmlinuz-linux'
1:230  0:000    - Guid = 38D35DA5-2857-4E40-919D-D48E4446041A
1:230  0:000  === [ FindStartupDiskVolume ] =============================
1:230  0:000    - Volume: partition = PciRoot(0x0)\Pci(0x17,0x0)\Sata(0x0,0x0,0x0)\HD(1,GPT,38D35DA5-2857-4E40-919D-D48E4446041A,0x28,0x64000)
1:230  0:000     - searching for that partition and loader 'vmlinuz-linux'
1:230  0:000      - found entry 0. 'Arch Linux', Volume 'EFI', 'vmlinuz-linux'
1:230  0:000  Boot redirected to Entry 0. 'Arch Linux'
1:230  0:000  DefaultIndex=0 and MainMenu.EntryCount=10
1:605  0:375  GUI ready
